[2020-09-02T17:20:22.942012+00:00] emberfuse.ERROR: Call to undefined method Emberfuse\Routing\Router::loadRoutes() {"exception":"[object] (Error(code: 0): Call to undefined method Emberfuse\\Routing\\Router::loadRoutes() at /Users/thavarshan/Codebase/Valet/emberfuse/public/index.php:22)"} 
[2020-09-02T17:20:22.942488+00:00] emberfuse.ERROR: Uncaught ReflectionException: Class request does not exist in /Users/thavarshan/Codebase/Valet/emberfuse/vendor/emberfuse/framework/src/Emberfuse/Container/Container.php:262
Stack trace:
#0 /Users/thavarshan/Codebase/Valet/emberfuse/vendor/emberfuse/framework/src/Emberfuse/Container/Container.php(262): ReflectionClass->__construct('request')
#1 /Users/thavarshan/Codebase/Valet/emberfuse/vendor/emberfuse/framework/src/Emberfuse/Container/Container.php(200): Emberfuse\Container\Container->build('request')
#2 /Users/thavarshan/Codebase/Valet/emberfuse/vendor/emberfuse/framework/src/Emberfuse/Container/Container.php(176): Emberfuse\Container\Container->resolve('request', Array)
#3 /Users/thavarshan/Codebase/Valet/emberfuse/vendor/emberfuse/framework/src/Emberfuse/Base/Concerns/RegisterErrorHandler.php(107): Emberfuse\Container\Container->make('request')
#4 /Users/thavarshan/Codebase/Valet/emberfuse/vendor/emberfuse/framework/src/Emberfuse/Base/Concerns/RegisterErrorHandler.php(31): Emberfuse\Base\Application->han {"exception":"[object] (Symfony\\Component\\ErrorHandler\\Error\\FatalError(code: 0): Uncaught ReflectionException: Class request does not exist in /Users/thavarshan/Codebase/Valet/emberfuse/vendor/emberfuse/framework/src/Emberfuse/Container/Container.php:262
Stack trace:
#0 /Users/thavarshan/Codebase/Valet/emberfuse/vendor/emberfuse/framework/src/Emberfuse/Container/Container.php(262): ReflectionClass->__construct('request')
#1 /Users/thavarshan/Codebase/Valet/emberfuse/vendor/emberfuse/framework/src/Emberfuse/Container/Container.php(200): Emberfuse\\Container\\Container->build('request')
#2 /Users/thavarshan/Codebase/Valet/emberfuse/vendor/emberfuse/framework/src/Emberfuse/Container/Container.php(176): Emberfuse\\Container\\Container->resolve('request', Array)
#3 /Users/thavarshan/Codebase/Valet/emberfuse/vendor/emberfuse/framework/src/Emberfuse/Base/Concerns/RegisterErrorHandler.php(107): Emberfuse\\Container\\Container->make('request')
#4 /Users/thavarshan/Codebase/Valet/emberfuse/vendor/emberfuse/framework/src/Emberfuse/Base/Concerns/RegisterErrorHandler.php(31): Emberfuse\\Base\\Application->han at /Users/thavarshan/Codebase/Valet/emberfuse/vendor/emberfuse/framework/src/Emberfuse/Container/Container.php:264)"} 
[2020-09-02T20:24:33.157692+00:00] emberfuse.ERROR: Call to undefined method Emberfuse\Routing\Router::loadRoutes() {"exception":"[object] (Error(code: 0): Call to undefined method Emberfuse\\Routing\\Router::loadRoutes() at /Users/thavarshan/Codebase/Valet/emberfuse/public/index.php:22)"} 
[2020-09-02T20:24:33.165258+00:00] emberfuse.ERROR: Uncaught ReflectionException: Class request does not exist in /Users/thavarshan/Codebase/Valet/emberfuse/vendor/emberfuse/framework/src/Emberfuse/Container/Container.php:262
Stack trace:
#0 /Users/thavarshan/Codebase/Valet/emberfuse/vendor/emberfuse/framework/src/Emberfuse/Container/Container.php(262): ReflectionClass->__construct('request')
#1 /Users/thavarshan/Codebase/Valet/emberfuse/vendor/emberfuse/framework/src/Emberfuse/Container/Container.php(200): Emberfuse\Container\Container->build('request')
#2 /Users/thavarshan/Codebase/Valet/emberfuse/vendor/emberfuse/framework/src/Emberfuse/Container/Container.php(176): Emberfuse\Container\Container->resolve('request', Array)
#3 /Users/thavarshan/Codebase/Valet/emberfuse/vendor/emberfuse/framework/src/Emberfuse/Base/Concerns/RegisterErrorHandler.php(107): Emberfuse\Container\Container->make('request')
#4 /Users/thavarshan/Codebase/Valet/emberfuse/vendor/emberfuse/framework/src/Emberfuse/Base/Concerns/RegisterErrorHandler.php(31): Emberfuse\Base\Application->han {"exception":"[object] (Symfony\\Component\\ErrorHandler\\Error\\FatalError(code: 0): Uncaught ReflectionException: Class request does not exist in /Users/thavarshan/Codebase/Valet/emberfuse/vendor/emberfuse/framework/src/Emberfuse/Container/Container.php:262
Stack trace:
#0 /Users/thavarshan/Codebase/Valet/emberfuse/vendor/emberfuse/framework/src/Emberfuse/Container/Container.php(262): ReflectionClass->__construct('request')
#1 /Users/thavarshan/Codebase/Valet/emberfuse/vendor/emberfuse/framework/src/Emberfuse/Container/Container.php(200): Emberfuse\\Container\\Container->build('request')
#2 /Users/thavarshan/Codebase/Valet/emberfuse/vendor/emberfuse/framework/src/Emberfuse/Container/Container.php(176): Emberfuse\\Container\\Container->resolve('request', Array)
#3 /Users/thavarshan/Codebase/Valet/emberfuse/vendor/emberfuse/framework/src/Emberfuse/Base/Concerns/RegisterErrorHandler.php(107): Emberfuse\\Container\\Container->make('request')
#4 /Users/thavarshan/Codebase/Valet/emberfuse/vendor/emberfuse/framework/src/Emberfuse/Base/Concerns/RegisterErrorHandler.php(31): Emberfuse\\Base\\Application->han at /Users/thavarshan/Codebase/Valet/emberfuse/vendor/emberfuse/framework/src/Emberfuse/Container/Container.php:264)"} 
